[29-Jul-2020 10:55:11 UTC] PHP Fatal error:  Uncaught Error: Call to a member function getPluginsManager() on null in C:\Users\Anna\Local Sites\talking-biology\app\public\wp-content\plugins\colibri-page-builder\extend-builder\customizer\editor-data\index.php:163
Stack trace:
#0 C:\Users\Anna\Local Sites\talking-biology\app\public\wp-includes\class-wp-hook.php(287): ExtendBuilder\{closure}(Array)
#1 C:\Users\Anna\Local Sites\talking-biology\app\public\wp-includes\plugin.php(206): WP_Hook->apply_filters(Array, Array)
#2 C:\Users\Anna\Local Sites\talking-biology\app\public\wp-content\plugins\colibri-page-builder\extend-builder\customizer\editor-data\index.php(223): apply_filters('extendbuilder_w...', Array)
#3 C:\Users\Anna\Local Sites\talking-biology\app\public\wp-includes\class-wp-hook.php(287): ExtendBuilder\{closure}('')
#4 C:\Users\Anna\Local Sites\talking-biology\app\public\wp-includes\class-wp-hook.php(311): WP_Hook->apply_filters(Array, Array)
#5 C:\Users\Anna\Local Sites\talking-biology\app\public\wp-includes\plugin.php(478): WP_Hook->do_action(Ar in C:\Users\Anna\Local Sites\talking-biology\app\public\wp-content\plugins\colibri-page-builder\extend-builder\customizer\editor-data\index.php on line 163
[29-Jul-2020 10:55:57 UTC] PHP Fatal error:  Uncaught Error: Call to a member function getPluginsManager() on null in C:\Users\Anna\Local Sites\talking-biology\app\public\wp-content\plugins\colibri-page-builder\extend-builder\customizer\editor-data\index.php:163
Stack trace:
#0 C:\Users\Anna\Local Sites\talking-biology\app\public\wp-includes\class-wp-hook.php(287): ExtendBuilder\{closure}(Array)
#1 C:\Users\Anna\Local Sites\talking-biology\app\public\wp-includes\plugin.php(206): WP_Hook->apply_filters(Array, Array)
#2 C:\Users\Anna\Local Sites\talking-biology\app\public\wp-content\plugins\colibri-page-builder\extend-builder\customizer\editor-data\index.php(223): apply_filters('extendbuilder_w...', Array)
#3 C:\Users\Anna\Local Sites\talking-biology\app\public\wp-includes\class-wp-hook.php(287): ExtendBuilder\{closure}('')
#4 C:\Users\Anna\Local Sites\talking-biology\app\public\wp-includes\class-wp-hook.php(311): WP_Hook->apply_filters(Array, Array)
#5 C:\Users\Anna\Local Sites\talking-biology\app\public\wp-includes\plugin.php(478): WP_Hook->do_action(Ar in C:\Users\Anna\Local Sites\talking-biology\app\public\wp-content\plugins\colibri-page-builder\extend-builder\customizer\editor-data\index.php on line 163
[29-Jul-2020 10:57:23 UTC] PHP Fatal error:  Uncaught Error: Call to a member function getPluginsManager() on null in C:\Users\Anna\Local Sites\talking-biology\app\public\wp-content\plugins\colibri-page-builder\extend-builder\customizer\editor-data\index.php:163
Stack trace:
#0 C:\Users\Anna\Local Sites\talking-biology\app\public\wp-includes\class-wp-hook.php(287): ExtendBuilder\{closure}(Array)
#1 C:\Users\Anna\Local Sites\talking-biology\app\public\wp-includes\plugin.php(206): WP_Hook->apply_filters(Array, Array)
#2 C:\Users\Anna\Local Sites\talking-biology\app\public\wp-content\plugins\colibri-page-builder\extend-builder\customizer\editor-data\index.php(223): apply_filters('extendbuilder_w...', Array)
#3 C:\Users\Anna\Local Sites\talking-biology\app\public\wp-includes\class-wp-hook.php(287): ExtendBuilder\{closure}('')
#4 C:\Users\Anna\Local Sites\talking-biology\app\public\wp-includes\class-wp-hook.php(311): WP_Hook->apply_filters(Array, Array)
#5 C:\Users\Anna\Local Sites\talking-biology\app\public\wp-includes\plugin.php(478): WP_Hook->do_action(Ar in C:\Users\Anna\Local Sites\talking-biology\app\public\wp-content\plugins\colibri-page-builder\extend-builder\customizer\editor-data\index.php on line 163
[30-Jul-2020 10:02:00 UTC] PHP Warning:  Creating default object from empty value in C:\Users\Anna\Local Sites\talking-biology\app\public\wp-content\themes\nanospace\library\includes\classes\class-customize.php on line 782
[30-Jul-2020 10:02:00 UTC] PHP Stack trace:
[30-Jul-2020 10:02:00 UTC] PHP   1. {main}() C:\Users\Anna\Local Sites\talking-biology\app\public\wp-admin\customize.php:0
[30-Jul-2020 10:02:00 UTC] PHP   2. require_once() C:\Users\Anna\Local Sites\talking-biology\app\public\wp-admin\customize.php:13
[30-Jul-2020 10:02:00 UTC] PHP   3. require_once() C:\Users\Anna\Local Sites\talking-biology\app\public\wp-admin\admin.php:34
[30-Jul-2020 10:02:00 UTC] PHP   4. require_once() C:\Users\Anna\Local Sites\talking-biology\app\public\wp-load.php:37
[30-Jul-2020 10:02:00 UTC] PHP   5. require_once() C:\Users\Anna\Local Sites\talking-biology\app\public\wp-config.php:77
[30-Jul-2020 10:02:00 UTC] PHP   6. do_action() C:\Users\Anna\Local Sites\talking-biology\app\public\wp-settings.php:562
[30-Jul-2020 10:02:00 UTC] PHP   7. WP_Hook->do_action() C:\Users\Anna\Local Sites\talking-biology\app\public\wp-includes\plugin.php:478
[30-Jul-2020 10:02:00 UTC] PHP   8. WP_Hook->apply_filters() C:\Users\Anna\Local Sites\talking-biology\app\public\wp-includes\class-wp-hook.php:311
[30-Jul-2020 10:02:00 UTC] PHP   9. WP_Customize_Manager->wp_loaded() C:\Users\Anna\Local Sites\talking-biology\app\public\wp-includes\class-wp-hook.php:287
[30-Jul-2020 10:02:00 UTC] PHP  10. do_action() C:\Users\Anna\Local Sites\talking-biology\app\public\wp-includes\class-wp-customize-manager.php:928
[30-Jul-2020 10:02:00 UTC] PHP  11. WP_Hook->do_action() C:\Users\Anna\Local Sites\talking-biology\app\public\wp-includes\plugin.php:478
[30-Jul-2020 10:02:00 UTC] PHP  12. WP_Hook->apply_filters() C:\Users\Anna\Local Sites\talking-biology\app\public\wp-includes\class-wp-hook.php:311
[30-Jul-2020 10:02:00 UTC] PHP  13. NanoSpace_Library_Customize::customize() C:\Users\Anna\Local Sites\talking-biology\app\public\wp-includes\class-wp-hook.php:287
[30-Jul-2020 10:02:00 UTC] PHP Warning:  Creating default object from empty value in C:\Users\Anna\Local Sites\talking-biology\app\public\wp-content\themes\nanospace\library\includes\classes\class-customize.php on line 783
[30-Jul-2020 10:02:00 UTC] PHP Stack trace:
[30-Jul-2020 10:02:00 UTC] PHP   1. {main}() C:\Users\Anna\Local Sites\talking-biology\app\public\wp-admin\customize.php:0
[30-Jul-2020 10:02:00 UTC] PHP   2. require_once() C:\Users\Anna\Local Sites\talking-biology\app\public\wp-admin\customize.php:13
[30-Jul-2020 10:02:00 UTC] PHP   3. require_once() C:\Users\Anna\Local Sites\talking-biology\app\public\wp-admin\admin.php:34
[30-Jul-2020 10:02:00 UTC] PHP   4. require_once() C:\Users\Anna\Local Sites\talking-biology\app\public\wp-load.php:37
[30-Jul-2020 10:02:00 UTC] PHP   5. require_once() C:\Users\Anna\Local Sites\talking-biology\app\public\wp-config.php:77
[30-Jul-2020 10:02:00 UTC] PHP   6. do_action() C:\Users\Anna\Local Sites\talking-biology\app\public\wp-settings.php:562
[30-Jul-2020 10:02:00 UTC] PHP   7. WP_Hook->do_action() C:\Users\Anna\Local Sites\talking-biology\app\public\wp-includes\plugin.php:478
[30-Jul-2020 10:02:00 UTC] PHP   8. WP_Hook->apply_filters() C:\Users\Anna\Local Sites\talking-biology\app\public\wp-includes\class-wp-hook.php:311
[30-Jul-2020 10:02:00 UTC] PHP   9. WP_Customize_Manager->wp_loaded() C:\Users\Anna\Local Sites\talking-biology\app\public\wp-includes\class-wp-hook.php:287
[30-Jul-2020 10:02:00 UTC] PHP  10. do_action() C:\Users\Anna\Local Sites\talking-biology\app\public\wp-includes\class-wp-customize-manager.php:928
[30-Jul-2020 10:02:00 UTC] PHP  11. WP_Hook->do_action() C:\Users\Anna\Local Sites\talking-biology\app\public\wp-includes\plugin.php:478
[30-Jul-2020 10:02:00 UTC] PHP  12. WP_Hook->apply_filters() C:\Users\Anna\Local Sites\talking-biology\app\public\wp-includes\class-wp-hook.php:311
[30-Jul-2020 10:02:00 UTC] PHP  13. NanoSpace_Library_Customize::customize() C:\Users\Anna\Local Sites\talking-biology\app\public\wp-includes\class-wp-hook.php:287
[30-Jul-2020 10:02:00 UTC] PHP Warning:  Cannot modify header information - headers already sent by (output started at C:\Users\Anna\Local Sites\talking-biology\app\public\wp-content\themes\nanospace\library\includes\classes\class-customize.php:782) in C:\Users\Anna\Local Sites\talking-biology\app\public\wp-includes\functions.php on line 6221
[30-Jul-2020 10:02:00 UTC] PHP Stack trace:
[30-Jul-2020 10:02:00 UTC] PHP   1. {main}() C:\Users\Anna\Local Sites\talking-biology\app\public\wp-admin\customize.php:0
[30-Jul-2020 10:02:00 UTC] PHP   2. require_once() C:\Users\Anna\Local Sites\talking-biology\app\public\wp-admin\customize.php:13
[30-Jul-2020 10:02:00 UTC] PHP   3. do_action() C:\Users\Anna\Local Sites\talking-biology\app\public\wp-admin\admin.php:170
[30-Jul-2020 10:02:00 UTC] PHP   4. WP_Hook->do_action() C:\Users\Anna\Local Sites\talking-biology\app\public\wp-includes\plugin.php:478
[30-Jul-2020 10:02:00 UTC] PHP   5. WP_Hook->apply_filters() C:\Users\Anna\Local Sites\talking-biology\app\public\wp-includes\class-wp-hook.php:311
[30-Jul-2020 10:02:00 UTC] PHP   6. send_frame_options_header() C:\Users\Anna\Local Sites\talking-biology\app\public\wp-includes\class-wp-hook.php:285
[30-Jul-2020 10:02:00 UTC] PHP   7. header() C:\Users\Anna\Local Sites\talking-biology\app\public\wp-includes\functions.php:6221
[30-Jul-2020 10:02:00 UTC] PHP Warning:  Cannot modify header information - headers already sent by (output started at C:\Users\Anna\Local Sites\talking-biology\app\public\wp-content\themes\nanospace\library\includes\classes\class-customize.php:782) in C:\Users\Anna\Local Sites\talking-biology\app\public\wp-admin\includes\misc.php on line 1282
[30-Jul-2020 10:02:00 UTC] PHP Stack trace:
[30-Jul-2020 10:02:00 UTC] PHP   1. {main}() C:\Users\Anna\Local Sites\talking-biology\app\public\wp-admin\customize.php:0
[30-Jul-2020 10:02:00 UTC] PHP   2. require_once() C:\Users\Anna\Local Sites\talking-biology\app\public\wp-admin\customize.php:13
[30-Jul-2020 10:02:00 UTC] PHP   3. do_action() C:\Users\Anna\Local Sites\talking-biology\app\public\wp-admin\admin.php:170
[30-Jul-2020 10:02:00 UTC] PHP   4. WP_Hook->do_action() C:\Users\Anna\Local Sites\talking-biology\app\public\wp-includes\plugin.php:478
[30-Jul-2020 10:02:00 UTC] PHP   5. WP_Hook->apply_filters() C:\Users\Anna\Local Sites\talking-biology\app\public\wp-includes\class-wp-hook.php:311
[30-Jul-2020 10:02:00 UTC] PHP   6. wp_admin_headers() C:\Users\Anna\Local Sites\talking-biology\app\public\wp-includes\class-wp-hook.php:287
[30-Jul-2020 10:02:00 UTC] PHP   7. header() C:\Users\Anna\Local Sites\talking-biology\app\public\wp-admin\includes\misc.php:1282
[30-Jul-2020 10:02:01 UTC] PHP Warning:  Cannot modify header information - headers already sent by (output started at C:\Users\Anna\Local Sites\talking-biology\app\public\wp-content\themes\nanospace\library\includes\classes\class-customize.php:782) in C:\Users\Anna\Local Sites\talking-biology\app\public\wp-admin\customize.php on line 126
[30-Jul-2020 10:02:01 UTC] PHP Stack trace:
[30-Jul-2020 10:02:01 UTC] PHP   1. {main}() C:\Users\Anna\Local Sites\talking-biology\app\public\wp-admin\customize.php:0
[30-Jul-2020 10:02:01 UTC] PHP   2. header() C:\Users\Anna\Local Sites\talking-biology\app\public\wp-admin\customize.php:126
[30-Jul-2020 10:02:01 UTC] PHP Fatal error:  Uncaught Error: Call to a member function getPluginsManager() on null in C:\Users\Anna\Local Sites\talking-biology\app\public\wp-content\plugins\colibri-page-builder\extend-builder\customizer\editor-data\index.php:163
Stack trace:
#0 C:\Users\Anna\Local Sites\talking-biology\app\public\wp-includes\class-wp-hook.php(287): ExtendBuilder\{closure}(Array)
#1 C:\Users\Anna\Local Sites\talking-biology\app\public\wp-includes\plugin.php(206): WP_Hook->apply_filters(Array, Array)
#2 C:\Users\Anna\Local Sites\talking-biology\app\public\wp-content\plugins\colibri-page-builder\extend-builder\customizer\editor-data\index.php(223): apply_filters('extendbuilder_w...', Array)
#3 C:\Users\Anna\Local Sites\talking-biology\app\public\wp-includes\class-wp-hook.php(287): ExtendBuilder\{closure}('')
#4 C:\Users\Anna\Local Sites\talking-biology\app\public\wp-includes\class-wp-hook.php(311): WP_Hook->apply_filters(Array, Array)
#5 C:\Users\Anna\Local Sites\talking-biology\app\public\wp-includes\plugin.php(478): WP_Hook->do_action(Ar in C:\Users\Anna\Local Sites\talking-biology\app\public\wp-content\plugins\colibri-page-builder\extend-builder\customizer\editor-data\index.php on line 163
